Pseudo-terminal will not be allocated because stdin is not a terminal.
[32mForwarding HTTP traffic from https://8c7da1a07051c3850d72a166af6f0181.serveo.net
[0mHTTP request from 186.189.90.97 to https://8c7da1a07051c3850d72a166af6f0181.serveo.net/api/webhooks/konecte-incoming
Pseudo-terminal will not be allocated because stdin is not a terminal.
[32mForwarding HTTP traffic from https://f90391bdac3f16891774928f29739103.serveo.net
[0mHTTP request from 186.189.90.97 to https://f90391bdac3f16891774928f29739103.serveo.net/api/webhooks/konecte-incoming
connect_to localhost port 3001: failed.
Pseudo-terminal will not be allocated because stdin is not a terminal.
[32mForwarding HTTP traffic from https://912f59c43e4398cd11142f6f06040b64.serveo.net
[0mHTTP request from 186.189.90.97 to https://912f59c43e4398cd11142f6f06040b64.serveo.net/api/webhooks/konecte-incoming
HTTP request from 186.189.90.97 to https://912f59c43e4398cd11142f6f06040b64.serveo.net/api/webhooks/konecte-incoming
Pseudo-terminal will not be allocated because stdin is not a terminal.
Pseudo-terminal will not be allocated because stdin is not a terminal.
Pseudo-terminal will not be allocated because stdin is not a terminal.
[32mForwarding HTTP traffic from https://82e2612c9454316779a8c01a18f48afe.serveo.net
[0mPseudo-terminal will not be allocated because stdin is not a terminal.
[32mForwarding HTTP traffic from https://9d766268d219bb8492cd85d5d52cb638.serveo.net
[0mPseudo-terminal will not be allocated because stdin is not a terminal.
[32mForwarding HTTP traffic from https://10e1b27aaa68f1a9d36f5236ec3602b7.serveo.net
[0mPseudo-terminal will not be allocated because stdin is not a terminal.
[32mForwarding HTTP traffic from https://0a771e505abca55209678073edbf204f.serveo.net
[0mPseudo-terminal will not be allocated because stdin is not a terminal.
[32mForwarding HTTP traffic from https://392a710b0259f160162d401f42de86ca.serveo.net
[0mPseudo-terminal will not be allocated because stdin is not a terminal.
[32mForwarding HTTP traffic from https://c8aa3fcba4ee8841e2c16b3e03bb59b1.serveo.net
[0mPseudo-terminal will not be allocated because stdin is not a terminal.
[32mForwarding HTTP traffic from https://3b3631bf255ff9c35f97762a5c8a225f.serveo.net
[0mPseudo-terminal will not be allocated because stdin is not a terminal.
[32mForwarding HTTP traffic from https://4a862a39e016c89f0dae57424250a17f.serveo.net
[0mPseudo-terminal will not be allocated because stdin is not a terminal.
[32mForwarding HTTP traffic from https://dfed1cbd05129c21014a89df8b70b19c.serveo.net
[0mPseudo-terminal will not be allocated because stdin is not a terminal.
[32mForwarding HTTP traffic from https://ad9b391350426e442dbba1abf1225ed3.serveo.net
[0mPseudo-terminal will not be allocated because stdin is not a terminal.
[32mForwarding HTTP traffic from https://661551c1dda6fb6cd99ab1c41377c3e5.serveo.net
[0mPseudo-terminal will not be allocated because stdin is not a terminal.
[32mForwarding HTTP traffic from https://30cbff19f92fd347b04764539c14bca6.serveo.net
[0mPseudo-terminal will not be allocated because stdin is not a terminal.
[32mForwarding HTTP traffic from https://d512d7429c741722d384b8c6c37aac8e.serveo.net
[0mPseudo-terminal will not be allocated because stdin is not a terminal.
[32mForwarding HTTP traffic from https://d138d8a6600ed0c244a633014e5a66e3.serveo.net
[0mPseudo-terminal will not be allocated because stdin is not a terminal.
[32mForwarding HTTP traffic from https://3b0d500cc0f5c9cbdcb7364b723e6442.serveo.net
[0mHTTP request from 186.189.90.97 to https://ad9b391350426e442dbba1abf1225ed3.serveo.net/api/webhooks/konecte-incoming
Pseudo-terminal will not be allocated because stdin is not a terminal.
[32mForwarding HTTP traffic from https://d3fa02bdc80df446e0f4e0ea1826ec4f.serveo.net
[0mPseudo-terminal will not be allocated because stdin is not a terminal.
[32mForwarding HTTP traffic from https://4bc8583395552c5c5b8ed7289836f927.serveo.net
[0mPseudo-terminal will not be allocated because stdin is not a terminal.
[32mForwarding HTTP traffic from https://6287622ced190d8fe53bf2b7a026d732.serveo.net
[0mPseudo-terminal will not be allocated because stdin is not a terminal.
[32mForwarding HTTP traffic from https://86a83dec7486ad13bd304930102a4837.serveo.net
[0mPseudo-terminal will not be allocated because stdin is not a terminal.
[32mForwarding HTTP traffic from https://d04f2bec74c65d4ba94fb39876f76475.serveo.net
[0mPseudo-terminal will not be allocated because stdin is not a terminal.
[32mForwarding HTTP traffic from https://041418416a31f219cd05224cae04d11d.serveo.net
[0mPseudo-terminal will not be allocated because stdin is not a terminal.
[32mForwarding HTTP traffic from https://7c79aa141edb4d40cc479b2895910aa6.serveo.net
[0mPseudo-terminal will not be allocated because stdin is not a terminal.
[32mForwarding HTTP traffic from https://c0cf9c94d4a03a5b2834c8ba25e338ce.serveo.net
[0mPseudo-terminal will not be allocated because stdin is not a terminal.
[32mForwarding HTTP traffic from https://7f89e9b3534738faa53c8dd881497eff.serveo.net
[0mPseudo-terminal will not be allocated because stdin is not a terminal.
[32mForwarding HTTP traffic from https://a68e50873ea97afe9442afa51ea1c956.serveo.net
[0mPseudo-terminal will not be allocated because stdin is not a terminal.
[32mForwarding HTTP traffic from https://63f10ae6eaef9a16b89068cdea8d5ed4.serveo.net
[0mPseudo-terminal will not be allocated because stdin is not a terminal.
[32mForwarding HTTP traffic from https://7943bb01ae67ee9bffc8a661effbfc80.serveo.net
[0mPseudo-terminal will not be allocated because stdin is not a terminal.
[32mForwarding HTTP traffic from https://2a3fc4147b2d3388c63d028786cb7162.serveo.net
[0mPseudo-terminal will not be allocated because stdin is not a terminal.
[32mForwarding HTTP traffic from https://0f5d8b86e246360153faed7ec0aac3c9.serveo.net
[0mPseudo-terminal will not be allocated because stdin is not a terminal.
[32mForwarding HTTP traffic from https://0bfb17e7139f92fc9c9543413c851455.serveo.net
[0mPseudo-terminal will not be allocated because stdin is not a terminal.
[32mForwarding HTTP traffic from https://6c73ffafabc26e8d49aae3a4803669b9.serveo.net
[0mPseudo-terminal will not be allocated because stdin is not a terminal.
[32mForwarding HTTP traffic from https://1d6e2c07a6343611e4290d065b3d7fdd.serveo.net
[0mPseudo-terminal will not be allocated because stdin is not a terminal.
[32mForwarding HTTP traffic from https://59b2d3d3b59fa0b6ca4d46c0ee05eb50.serveo.net
[0mPseudo-terminal will not be allocated because stdin is not a terminal.
[32mForwarding HTTP traffic from https://c07c2c2c0732c0699182d4c4de264486.serveo.net
[0mPseudo-terminal will not be allocated because stdin is not a terminal.
[32mForwarding HTTP traffic from https://23caca962b85be7ad2b1b9fd87a2755c.serveo.net
[0mPseudo-terminal will not be allocated because stdin is not a terminal.
[32mForwarding HTTP traffic from https://fed95535b19170d48559d0832627d25f.serveo.net
[0mPseudo-terminal will not be allocated because stdin is not a terminal.
[32mForwarding HTTP traffic from https://06ddcc7d6a5c0f86ac2f4d1df415864d.serveo.net
[0mPseudo-terminal will not be allocated because stdin is not a terminal.
[32mForwarding HTTP traffic from https://554dfa31e34f88891ab877b4ac75cf84.serveo.net
[0mPseudo-terminal will not be allocated because stdin is not a terminal.
[32mForwarding HTTP traffic from https://c6088bfd643f969ce8073cf8c1f85b2f.serveo.net
[0mPseudo-terminal will not be allocated because stdin is not a terminal.
[32mForwarding HTTP traffic from https://d19fb335891a805112e5083ec7c9ce24.serveo.net
[0mPseudo-terminal will not be allocated because stdin is not a terminal.
[32mForwarding HTTP traffic from https://ef78f3a4e3b967f1918d4369eefebbab.serveo.net
[0mPseudo-terminal will not be allocated because stdin is not a terminal.
[32mForwarding HTTP traffic from https://acae878351a406e8edbb84a72edf18d8.serveo.net
[0mPseudo-terminal will not be allocated because stdin is not a terminal.
[32mForwarding HTTP traffic from https://06de0c244d468cd411570764f4aac22c.serveo.net
[0mPseudo-terminal will not be allocated because stdin is not a terminal.
[32mForwarding HTTP traffic from https://22b08e72d5fad427a6f0d70355b30872.serveo.net
[0mPseudo-terminal will not be allocated because stdin is not a terminal.
[32mForwarding HTTP traffic from https://6cebdbe9a20c8172c1741c5555b55921.serveo.net
[0mPseudo-terminal will not be allocated because stdin is not a terminal.
[32mForwarding HTTP traffic from https://9d7e9be1d58c9dfa75f52d0aa2e277a9.serveo.net
[0mPseudo-terminal will not be allocated because stdin is not a terminal.
[32mForwarding HTTP traffic from https://8bd8b4f184da00f358b246aed7842821.serveo.net
[0mPseudo-terminal will not be allocated because stdin is not a terminal.
[32mForwarding HTTP traffic from https://4f44c1f47fe0d8020ec135429074925f.serveo.net
[0mPseudo-terminal will not be allocated because stdin is not a terminal.
[32mForwarding HTTP traffic from https://b7a4174056a9486fadc4a06f5d0da462.serveo.net
[0mPseudo-terminal will not be allocated because stdin is not a terminal.
[32mForwarding HTTP traffic from https://0ba0b2c853bc5749858c7f666ef356b1.serveo.net
[0mPseudo-terminal will not be allocated because stdin is not a terminal.
[32mForwarding HTTP traffic from https://f8f273d49100749ff04728856af918b6.serveo.net
[0mPseudo-terminal will not be allocated because stdin is not a terminal.
[32mForwarding HTTP traffic from https://a29d295e66380d30e88f03d471587dc6.serveo.net
[0mPseudo-terminal will not be allocated because stdin is not a terminal.
[32mForwarding HTTP traffic from https://157c3c7f8bb87476b05bb20ba519dd70.serveo.net
[0mPseudo-terminal will not be allocated because stdin is not a terminal.
[32mForwarding HTTP traffic from https://2323e5f99af65904e95a38fc811b6b01.serveo.net
[0mPseudo-terminal will not be allocated because stdin is not a terminal.
[32mForwarding HTTP traffic from https://b892048241e59a3c160e53b54ea35858.serveo.net
[0mPseudo-terminal will not be allocated because stdin is not a terminal.
[32mForwarding HTTP traffic from https://d3efbd76c479d42b02270d0c8329a8fb.serveo.net
[0mPseudo-terminal will not be allocated because stdin is not a terminal.
[32mForwarding HTTP traffic from https://d72489fec2c12450bc27f2a5f791a25c.serveo.net
[0mPseudo-terminal will not be allocated because stdin is not a terminal.
[32mForwarding HTTP traffic from https://106f3c9807265cb81e0959fd8a0c3824.serveo.net
[0mPseudo-terminal will not be allocated because stdin is not a terminal.
[32mForwarding HTTP traffic from https://af7affc27b9f5cf4109a213163e54d44.serveo.net
[0mPseudo-terminal will not be allocated because stdin is not a terminal.
[32mForwarding HTTP traffic from https://cc5c5cf6e97c917616b1d38158f653e0.serveo.net
[0mPseudo-terminal will not be allocated because stdin is not a terminal.
[32mForwarding HTTP traffic from https://851631dfa1da946a513e44bb8272cc7c.serveo.net
[0m[32mForwarding HTTP traffic from https://5ab9cde491552ba88d169246aecb3376.serveo.net
[0mPseudo-terminal will not be allocated because stdin is not a terminal.
[32mForwarding HTTP traffic from https://dbafb3fc6f0bb2125c8157942cfc228f.serveo.net
[0mPseudo-terminal will not be allocated because stdin is not a terminal.
Pseudo-terminal will not be allocated because stdin is not a terminal.
[32mForwarding HTTP traffic from https://a095bd1b8e8779d7f2b015fdb237ccec.serveo.net
[0mPseudo-terminal will not be allocated because stdin is not a terminal.
[32mForwarding HTTP traffic from https://825a955b9199748c188b92660f267194.serveo.net
[0m[32mForwarding HTTP traffic from https://f9ccf2266c93c8eab20afa105915fc6f.serveo.net
[0mPseudo-terminal will not be allocated because stdin is not a terminal.
[32mForwarding HTTP traffic from https://40cc233354b23f5e6ae772a046987e2e.serveo.net
[0mPseudo-terminal will not be allocated because stdin is not a terminal.
Pseudo-terminal will not be allocated because stdin is not a terminal.
[32mForwarding HTTP traffic from https://41454ed597c7b2bfe95052e8f9c629a9.serveo.net
[0mPseudo-terminal will not be allocated because stdin is not a terminal.
[32mForwarding HTTP traffic from https://77b38829227175f943978e17d67ae816.serveo.net
[0mPseudo-terminal will not be allocated because stdin is not a terminal.
[32mForwarding HTTP traffic from https://fbe50d59725eb04231d18bbe12c5a244.serveo.net
[0m[32mForwarding HTTP traffic from https://0fc4ab5c2ae0e80c4627271587c401e3.serveo.net
[0mPseudo-terminal will not be allocated because stdin is not a terminal.
[32mForwarding HTTP traffic from https://bce04e674bbfa6187f403595941ab5ce.serveo.net
[0mPseudo-terminal will not be allocated because stdin is not a terminal.
Pseudo-terminal will not be allocated because stdin is not a terminal.
[32mForwarding HTTP traffic from https://6712d8cff096f866e7cf55bb3b7f8ebb.serveo.net
[0mPseudo-terminal will not be allocated because stdin is not a terminal.
[32mForwarding HTTP traffic from https://084eb4e4f41b2eb3afa4fca2c6750af2.serveo.net
[0mPseudo-terminal will not be allocated because stdin is not a terminal.
[32mForwarding HTTP traffic from https://67f8d96910f0914f0d5cceeabc77acf2.serveo.net
[0mPseudo-terminal will not be allocated because stdin is not a terminal.
[32mForwarding HTTP traffic from https://5a21ab4f143ca9ac175821ded95794e6.serveo.net
[0mPseudo-terminal will not be allocated because stdin is not a terminal.
[32mForwarding HTTP traffic from https://e5a74117f487922ded46ebd461ff694c.serveo.net
[0m[32mForwarding HTTP traffic from https://4e2277fa46b7791262fa64fc93987271.serveo.net
[0mPseudo-terminal will not be allocated because stdin is not a terminal.
[32mForwarding HTTP traffic from https://80e8b8d1281afc6c152afd0c22a37c0e.serveo.net
[0mPseudo-terminal will not be allocated because stdin is not a terminal.
Pseudo-terminal will not be allocated because stdin is not a terminal.
[32mForwarding HTTP traffic from https://99c3757bb9b6a14fe7e55e1c7842a79a.serveo.net
[0mPseudo-terminal will not be allocated because stdin is not a terminal.
[32mForwarding HTTP traffic from https://051d34770a725159532b5e4fb3ea03db.serveo.net
[0mPseudo-terminal will not be allocated because stdin is not a terminal.
[32mForwarding HTTP traffic from https://7d13634ac6e47e1c776b7eb798fa86d6.serveo.net
[0mPseudo-terminal will not be allocated because stdin is not a terminal.
[32mForwarding HTTP traffic from https://8fd5c82bef9956e508bb4020709f8afa.serveo.net
[0m[32mForwarding HTTP traffic from https://e74f56e07bbd4f37ea0a766494a51415.serveo.net
[0mPseudo-terminal will not be allocated because stdin is not a terminal.
[32mForwarding HTTP traffic from https://f2545681ed09c28458911afe809d44ae.serveo.net
[0mPseudo-terminal will not be allocated because stdin is not a terminal.
[32mForwarding HTTP traffic from https://922fc594807acdf599a7a4d5a0944059.serveo.net
[0mPseudo-terminal will not be allocated because stdin is not a terminal.
[32mForwarding HTTP traffic from https://ffb0be5bb944afc28f78502a5ef71c6b.serveo.net
[0mPseudo-terminal will not be allocated because stdin is not a terminal.
Pseudo-terminal will not be allocated because stdin is not a terminal.
[32mForwarding HTTP traffic from https://d00646c952cafb8ad525bf2dc4827a48.serveo.net
[0mPseudo-terminal will not be allocated because stdin is not a terminal.
[32mForwarding HTTP traffic from https://b7943028c64da27e979f1cd8609f6452.serveo.net
[0mPseudo-terminal will not be allocated because stdin is not a terminal.
[32mForwarding HTTP traffic from https://1e0d002b138d792dcdf6c38a426c17a5.serveo.net
[0mPseudo-terminal will not be allocated because stdin is not a terminal.
[32mForwarding HTTP traffic from https://b656a8e5db1f67aaca3d13f8e09e7ef3.serveo.net
[0mPseudo-terminal will not be allocated because stdin is not a terminal.
[32mForwarding HTTP traffic from https://1146c7c0b79cb0832f5a02a7f04e318c.serveo.net
[0mPseudo-terminal will not be allocated because stdin is not a terminal.
[32mForwarding HTTP traffic from https://27781d20dc69bcd70197197d49c7c5a2.serveo.net
[0m[32mForwarding HTTP traffic from https://cdbc01dec8d718ca56de5b3572279a28.serveo.net
[0mPseudo-terminal will not be allocated because stdin is not a terminal.
[32mForwarding HTTP traffic from https://1684e6c17b2693a9be69d70b3b1819af.serveo.net
[0m[32mForwarding HTTP traffic from https://816c9a55a961b66248d3156b3e16db55.serveo.net
[0mPseudo-terminal will not be allocated because stdin is not a terminal.
Pseudo-terminal will not be allocated because stdin is not a terminal.
Pseudo-terminal will not be allocated because stdin is not a terminal.
[32mForwarding HTTP traffic from https://287dff415e809f73ef067457ee1b3fb5.serveo.net
[0m[32mForwarding HTTP traffic from https://1693fda63b455a75c750b0d372998993.serveo.net
[0mPseudo-terminal will not be allocated because stdin is not a terminal.
[32mForwarding HTTP traffic from https://4a9bddc201e7f5c940f29dc7b3c14cc2.serveo.net
[0mPseudo-terminal will not be allocated because stdin is not a terminal.
Pseudo-terminal will not be allocated because stdin is not a terminal.
[32mForwarding HTTP traffic from https://14061cf38bd5059c93b81b74e25fa264.serveo.net
[0mPseudo-terminal will not be allocated because stdin is not a terminal.
[32mForwarding HTTP traffic from https://573de29432400b4fb7a8f97aac4bc89b.serveo.net
[0mPseudo-terminal will not be allocated because stdin is not a terminal.
[32mForwarding HTTP traffic from https://adefc8690f541ca59bf2b6222f527fb7.serveo.net
[0m[32mForwarding HTTP traffic from https://a8f103be1981c9ff0064af06477eb7d0.serveo.net
[0mPseudo-terminal will not be allocated because stdin is not a terminal.
[32mForwarding HTTP traffic from https://9f4465941f50a170a044b53daff03db2.serveo.net
[0mPseudo-terminal will not be allocated because stdin is not a terminal.
Pseudo-terminal will not be allocated because stdin is not a terminal.
[32mForwarding HTTP traffic from https://b4c8190df0d2610477315f264e73ee6f.serveo.net
[0mPseudo-terminal will not be allocated because stdin is not a terminal.
[32mForwarding HTTP traffic from https://69a88fc11c01ec64b4d3efcc1174e685.serveo.net
[0mPseudo-terminal will not be allocated because stdin is not a terminal.
[32mForwarding HTTP traffic from https://6cc51a825ce30b0f1b889f0e930291e7.serveo.net
[0mPseudo-terminal will not be allocated because stdin is not a terminal.
[32mForwarding HTTP traffic from https://861251ba4aae512faaac210802a249a2.serveo.net
[0mPseudo-terminal will not be allocated because stdin is not a terminal.
[32mForwarding HTTP traffic from https://4165e35d537d37a0bb6d964e9e2ea94e.serveo.net
[0mPseudo-terminal will not be allocated because stdin is not a terminal.
[32mForwarding HTTP traffic from https://569f6774c19da0f79945371d1d4d8009.serveo.net
[0mPseudo-terminal will not be allocated because stdin is not a terminal.
[32mForwarding HTTP traffic from https://0898349b809f448b2ebd92a389246a28.serveo.net
[0mPseudo-terminal will not be allocated because stdin is not a terminal.
[32mForwarding HTTP traffic from https://c80e4794757ea208caec52cf74c2ecb0.serveo.net
[0mPseudo-terminal will not be allocated because stdin is not a terminal.
[32mForwarding HTTP traffic from https://249539ea0e87b73ab22c4c185c2e8079.serveo.net
[0mPseudo-terminal will not be allocated because stdin is not a terminal.
[32mForwarding HTTP traffic from https://e57ad4ea1a201f50c828ebe9365c57b5.serveo.net
[0m[32mForwarding HTTP traffic from https://a7e0f306dc14fba02631252ad6496946.serveo.net
[0mPseudo-terminal will not be allocated because stdin is not a terminal.
[32mForwarding HTTP traffic from https://ec7afaa1b59ead3fad4daa3d21b03ce3.serveo.net
[0mPseudo-terminal will not be allocated because stdin is not a terminal.
Pseudo-terminal will not be allocated because stdin is not a terminal.
[32mForwarding HTTP traffic from https://ad47ebcd26aae113d718f68f0622818d.serveo.net
[0mPseudo-terminal will not be allocated because stdin is not a terminal.
[32mForwarding HTTP traffic from https://98149ff6d7221bf41d9db34a171c7407.serveo.net
[0mPseudo-terminal will not be allocated because stdin is not a terminal.
[32mForwarding HTTP traffic from https://47b703d52c06b4791b25156c34a5a35e.serveo.net
[0mPseudo-terminal will not be allocated because stdin is not a terminal.
[32mForwarding HTTP traffic from https://8b2b5ac6a6b247823dd8e055133dc9a8.serveo.net
[0m[32mForwarding HTTP traffic from https://02ac50a7aa904341d7102d11ff55a65c.serveo.net
[0mPseudo-terminal will not be allocated because stdin is not a terminal.
[32mForwarding HTTP traffic from https://44825cce42d37ac56e0978ba28dc07fb.serveo.net
[0mPseudo-terminal will not be allocated because stdin is not a terminal.
Pseudo-terminal will not be allocated because stdin is not a terminal.
[32mForwarding HTTP traffic from https://0ed0f5518b19e0f92c6de8932da0d292.serveo.net
[0mPseudo-terminal will not be allocated because stdin is not a terminal.
[32mForwarding HTTP traffic from https://ff86049bceaf0144574f95456f125a5f.serveo.net
[0mPseudo-terminal will not be allocated because stdin is not a terminal.
[32mForwarding HTTP traffic from https://68e750fdcf4b4a20b2a09dd09bf77c42.serveo.net
[0mPseudo-terminal will not be allocated because stdin is not a terminal.
[32mForwarding HTTP traffic from https://521e12932caf5bf2d74f41d514fd1721.serveo.net
[0mPseudo-terminal will not be allocated because stdin is not a terminal.
[32mForwarding HTTP traffic from https://a459b11c36cae5522593d861f8b7cb4f.serveo.net
[0mPseudo-terminal will not be allocated because stdin is not a terminal.
[32mForwarding HTTP traffic from https://1a086a37671c9a0b4a7f88b1efe570d5.serveo.net
[0mPseudo-terminal will not be allocated because stdin is not a terminal.
[32mForwarding HTTP traffic from https://20de56c3f1844820c53ee177850f2339.serveo.net
[0mPseudo-terminal will not be allocated because stdin is not a terminal.
[32mForwarding HTTP traffic from https://e9b8234895d28f780d6b65e61ef5b5e5.serveo.net
[0mPseudo-terminal will not be allocated because stdin is not a terminal.
[32mForwarding HTTP traffic from https://ac635102a7334462ed35ae98065bf540.serveo.net
[0m[32mForwarding HTTP traffic from https://d0335a47c8210292adafdaf85d1befbd.serveo.net
[0mPseudo-terminal will not be allocated because stdin is not a terminal.
[32mForwarding HTTP traffic from https://1e1151b45b40057f067c23d60eb28cc8.serveo.net
[0mPseudo-terminal will not be allocated because stdin is not a terminal.
Pseudo-terminal will not be allocated because stdin is not a terminal.
[32mForwarding HTTP traffic from https://11507a7243200c4a88e03c5a3792e79c.serveo.net
[0mPseudo-terminal will not be allocated because stdin is not a terminal.
[32mForwarding HTTP traffic from https://bb29f3c4c5fab8de6702630bae816799.serveo.net
[0mPseudo-terminal will not be allocated because stdin is not a terminal.
[32mForwarding HTTP traffic from https://0a25c478152e2dd65dc0424dd087a9f0.serveo.net
[0mPseudo-terminal will not be allocated because stdin is not a terminal.
[32mForwarding HTTP traffic from https://9825d60065be0a58393b2e3a38cbb1a0.serveo.net
[0mPseudo-terminal will not be allocated because stdin is not a terminal.
[32mForwarding HTTP traffic from https://7222d148a40eb0102d53de1e368fe217.serveo.net
[0mPseudo-terminal will not be allocated because stdin is not a terminal.
[32mForwarding HTTP traffic from https://96f011aa6b7780592fe57f4ff0930749.serveo.net
[0mPseudo-terminal will not be allocated because stdin is not a terminal.
[32mForwarding HTTP traffic from https://1a52bdd42236b5004c95cd303a7e0f1a.serveo.net
[0mPseudo-terminal will not be allocated because stdin is not a terminal.
[32mForwarding HTTP traffic from https://509a88d1988f3bb4a2b55731167c58ba.serveo.net
[0mPseudo-terminal will not be allocated because stdin is not a terminal.
[32mForwarding HTTP traffic from https://915258d65b4ad021cc574a4d8c6ca084.serveo.net
[0mPseudo-terminal will not be allocated because stdin is not a terminal.
[32mForwarding HTTP traffic from https://0490d7de01dc70e7ab5c0c7a3818abde.serveo.net
[0m[32mForwarding HTTP traffic from https://01cc9f9c95144254842b3be0ac63851e.serveo.net
[0mPseudo-terminal will not be allocated because stdin is not a terminal.
[32mForwarding HTTP traffic from https://f091132d7fbb3f7945b18b69ef0d5885.serveo.net
[0m[32mForwarding HTTP traffic from https://4097b3a70808d42c04988b4b461ced82.serveo.net
[0mPseudo-terminal will not be allocated because stdin is not a terminal.
Pseudo-terminal will not be allocated because stdin is not a terminal.
[32mForwarding HTTP traffic from https://106ef537e677ac4c2c2bf31e3bc97c4f.serveo.net
[0mPseudo-terminal will not be allocated because stdin is not a terminal.
[32mForwarding HTTP traffic from https://8a3c15b1cfbfddce0e5c4c4852cebf43.serveo.net
[0m[32mForwarding HTTP traffic from https://477824e9e428343bf5246cd5cdad6a95.serveo.net
[0mPseudo-terminal will not be allocated because stdin is not a terminal.
[32mForwarding HTTP traffic from https://517e99644c82fb416853709e4d29b646.serveo.net
[0mPseudo-terminal will not be allocated because stdin is not a terminal.
[32mForwarding HTTP traffic from https://9a7fa5e2244ce707320891295b4e5ddf.serveo.net
[0mPseudo-terminal will not be allocated because stdin is not a terminal.
Pseudo-terminal will not be allocated because stdin is not a terminal.
Pseudo-terminal will not be allocated because stdin is not a terminal.
[32mForwarding HTTP traffic from https://c0d82f7e580a2805ed804fe4cfc00485.serveo.net
[0mPseudo-terminal will not be allocated because stdin is not a terminal.
[32mForwarding HTTP traffic from https://5f8b64c63663d166e36ae23629f6cf4e.serveo.net
[0mPseudo-terminal will not be allocated because stdin is not a terminal.
[32mForwarding HTTP traffic from https://f725ff705b9724d431455c554467fb52.serveo.net
[0mPseudo-terminal will not be allocated because stdin is not a terminal.
[32mForwarding HTTP traffic from https://3842661b90e4bc12c40709eb894292e9.serveo.net
[0mPseudo-terminal will not be allocated because stdin is not a terminal.
[32mForwarding HTTP traffic from https://942bb0447e02ed4eb74ff7330b8120d6.serveo.net
[0mPseudo-terminal will not be allocated because stdin is not a terminal.
[32mForwarding HTTP traffic from https://9c027a9a032b070f503883fbf823c3d3.serveo.net
[0mPseudo-terminal will not be allocated because stdin is not a terminal.
[32mForwarding HTTP traffic from https://ba8efc7993e3aed61af5c643bb1c5bf1.serveo.net
[0m[32mForwarding HTTP traffic from https://ae2de7341b1476d8d2c262ada6346b28.serveo.net
[0mPseudo-terminal will not be allocated because stdin is not a terminal.
[32mForwarding HTTP traffic from https://da8be888d40e1883a1cd66c80fea213b.serveo.net
[0mPseudo-terminal will not be allocated because stdin is not a terminal.
[32mForwarding HTTP traffic from https://5cd84493130ef63d84cff39bf6edf110.serveo.net
[0mPseudo-terminal will not be allocated because stdin is not a terminal.
[32mForwarding HTTP traffic from https://f7cd4dafdf1429e83dfcbd05e2156c32.serveo.net
[0mPseudo-terminal will not be allocated because stdin is not a terminal.
Pseudo-terminal will not be allocated because stdin is not a terminal.
[32mForwarding HTTP traffic from https://60fc23f27bdec5e2bdbc21bda2dba12b.serveo.net
[0mPseudo-terminal will not be allocated because stdin is not a terminal.
[32mForwarding HTTP traffic from https://75debf8636bea3aaea1fc93412e649e7.serveo.net
[0mPseudo-terminal will not be allocated because stdin is not a terminal.
[32mForwarding HTTP traffic from https://c89bc22588784066c020461bf4479bdf.serveo.net
[0mPseudo-terminal will not be allocated because stdin is not a terminal.
[32mForwarding HTTP traffic from https://ad5b9b03cd895862ee531eb3bf05f042.serveo.net
[0m[32mForwarding HTTP traffic from https://55c71624820c02328c40c8bc820bae49.serveo.net
[0mPseudo-terminal will not be allocated because stdin is not a terminal.
[32mForwarding HTTP traffic from https://b7ee2166f37a055d4173ff0e24a69da9.serveo.net
[0mPseudo-terminal will not be allocated because stdin is not a terminal.
Pseudo-terminal will not be allocated because stdin is not a terminal.
[32mForwarding HTTP traffic from https://c709fa702b12ba3eebb8d5ce73957a12.serveo.net
[0mPseudo-terminal will not be allocated because stdin is not a terminal.
[32mForwarding HTTP traffic from https://08111f651488081c50942bf7421d40e0.serveo.net
[0m[32mForwarding HTTP traffic from https://c2a85f2453e824d659df404c530999e0.serveo.net
[0mPseudo-terminal will not be allocated because stdin is not a terminal.
[32mForwarding HTTP traffic from https://a596c3d6e46b73c922d4c0e3c18de1e7.serveo.net
[0mPseudo-terminal will not be allocated because stdin is not a terminal.
[32mForwarding HTTP traffic from https://0b8f2c8a9d17d93c522f7b1b3b32d93b.serveo.net
[0mPseudo-terminal will not be allocated because stdin is not a terminal.
[32mForwarding HTTP traffic from https://a94c7597e2ba8cbab6d9fc578bbca920.serveo.net
[0mPseudo-terminal will not be allocated because stdin is not a terminal.
Pseudo-terminal will not be allocated because stdin is not a terminal.
[32mForwarding HTTP traffic from https://4b5be0bce910e6ea46b44d3d36961dbe.serveo.net
[0mPseudo-terminal will not be allocated because stdin is not a terminal.
[32mForwarding HTTP traffic from https://dc3bcf6e0fde88f007636c0b41940352.serveo.net
[0m[32mForwarding HTTP traffic from https://e9e24451b1401ef34a28e276c8712b6a.serveo.net
[0mPseudo-terminal will not be allocated because stdin is not a terminal.
[32mForwarding HTTP traffic from https://a227fca8fe9d850656f94a672dc36487.serveo.net
[0mPseudo-terminal will not be allocated because stdin is not a terminal.
Pseudo-terminal will not be allocated because stdin is not a terminal.
[32mForwarding HTTP traffic from https://e38e842e8bc52e0cce1e09afe68513ab.serveo.net
[0mPseudo-terminal will not be allocated because stdin is not a terminal.
[32mForwarding HTTP traffic from https://39a00bda01e09fe4fe5d7b17d00d04cf.serveo.net
[0mPseudo-terminal will not be allocated because stdin is not a terminal.
[32mForwarding HTTP traffic from https://a9718e8249c363ac2e02be52d833966b.serveo.net
[0mPseudo-terminal will not be allocated because stdin is not a terminal.
[32mForwarding HTTP traffic from https://9303a6781a6bd68d6efdfb936190db47.serveo.net
[0mPseudo-terminal will not be allocated because stdin is not a terminal.
[32mForwarding HTTP traffic from https://ae6b08c18c3f6ad8a702ddea8e7b3bd9.serveo.net
[0mPseudo-terminal will not be allocated because stdin is not a terminal.
[32mForwarding HTTP traffic from https://d63fc4fd09622df1ce02abd91db88a95.serveo.net
[0mPseudo-terminal will not be allocated because stdin is not a terminal.
[32mForwarding HTTP traffic from https://1ef51719839891bf3b26dcbf65d9e0ca.serveo.net
[0mPseudo-terminal will not be allocated because stdin is not a terminal.
[32mForwarding HTTP traffic from https://43814f4d3ba8dd9c4c339d3a71a2bb16.serveo.net
[0mPseudo-terminal will not be allocated because stdin is not a terminal.
[32mForwarding HTTP traffic from https://e081ae068de59bb2ce52880b6d25eb45.serveo.net
[0mPseudo-terminal will not be allocated because stdin is not a terminal.
[32mForwarding HTTP traffic from https://97a952c75a38c320c2f036d8b7cefc63.serveo.net
[0mPseudo-terminal will not be allocated because stdin is not a terminal.
[32mForwarding HTTP traffic from https://a13606b3016417026e4466086c43e795.serveo.net
[0mPseudo-terminal will not be allocated because stdin is not a terminal.
[32mForwarding HTTP traffic from https://c534f5435bd36c9a0e53e4780fc2b9e3.serveo.net
[0mPseudo-terminal will not be allocated because stdin is not a terminal.
[32mForwarding HTTP traffic from https://5763ee7071b010bbc62dab92b80b6555.serveo.net
[0mPseudo-terminal will not be allocated because stdin is not a terminal.
[32mForwarding HTTP traffic from https://f75ebc8eab29d7c73afb10bdf7b2853d.serveo.net
[0mPseudo-terminal will not be allocated because stdin is not a terminal.
[32mForwarding HTTP traffic from https://598c697a91729e32a03304bf18ecfdf1.serveo.net
[0mPseudo-terminal will not be allocated because stdin is not a terminal.
[32mForwarding HTTP traffic from https://baa6a5558721258b2b0d26a4db516427.serveo.net
[0mPseudo-terminal will not be allocated because stdin is not a terminal.
[32mForwarding HTTP traffic from https://09a3ce97150acf162950452a4db63412.serveo.net
[0mPseudo-terminal will not be allocated because stdin is not a terminal.
[32mForwarding HTTP traffic from https://36bc59c363b33fe25feb6a9f0ede8a12.serveo.net
[0m[32mForwarding HTTP traffic from https://727b9fb6c521c375c0dad2f0d5ebddce.serveo.net
[0mPseudo-terminal will not be allocated because stdin is not a terminal.
[32mForwarding HTTP traffic from https://cb2588ebc46d3c1682587b3004c7a926.serveo.net
[0mPseudo-terminal will not be allocated because stdin is not a terminal.
Pseudo-terminal will not be allocated because stdin is not a terminal.
[32mForwarding HTTP traffic from https://74e77e3d1648fb8a86c7ce373dbd1a28.serveo.net
[0mPseudo-terminal will not be allocated because stdin is not a terminal.
[32mForwarding HTTP traffic from https://156e8304dcefaac57ccbad9d45c76311.serveo.net
[0m[32mForwarding HTTP traffic from https://0755dc277c6f9f96714ba9687be1c7f8.serveo.net
[0mPseudo-terminal will not be allocated because stdin is not a terminal.
[32mForwarding HTTP traffic from https://7027f008563cd741544aae122d64581c.serveo.net
[0mPseudo-terminal will not be allocated because stdin is not a terminal.
Pseudo-terminal will not be allocated because stdin is not a terminal.
[32mForwarding HTTP traffic from https://8186e58dd817bced4ffc216e21502e27.serveo.net
[0mPseudo-terminal will not be allocated because stdin is not a terminal.
[32mForwarding HTTP traffic from https://a4b2901a8bdacf0a353178153ce36b92.serveo.net
[0mPseudo-terminal will not be allocated because stdin is not a terminal.
[32mForwarding HTTP traffic from https://83766447450cbca882a61fd2438f4c5a.serveo.net
[0mPseudo-terminal will not be allocated because stdin is not a terminal.
[32mForwarding HTTP traffic from https://cef1c99ca8fce4e599467b616c958324.serveo.net
[0mPseudo-terminal will not be allocated because stdin is not a terminal.
[32mForwarding HTTP traffic from https://63786c2311bd2cc58df4af89b3fc0ec2.serveo.net
[0mPseudo-terminal will not be allocated because stdin is not a terminal.
[32mForwarding HTTP traffic from https://634529563620cc7c29684816ad0185eb.serveo.net
[0m[32mForwarding HTTP traffic from https://a7c4603ddd0336e42445f3912392ec67.serveo.net
[0mPseudo-terminal will not be allocated because stdin is not a terminal.
[32mForwarding HTTP traffic from https://b5de87eaf1bcdd80c7fe0d2f825d1336.serveo.net
[0mPseudo-terminal will not be allocated because stdin is not a terminal.
[32mForwarding HTTP traffic from https://0f5aae2372f4b9c00545ba9b997c2d30.serveo.net
[0mHTTP request from 186.189.90.97 to https://0f5aae2372f4b9c00545ba9b997c2d30.serveo.net/api/send-message
[33mPort forwarding for 8c7da1a07051c3850d72a166af6f0181.serveo.net expired
[0m[33mPort forwarding for f90391bdac3f16891774928f29739103.serveo.net expired
[0m[33mPort forwarding for 912f59c43e4398cd11142f6f06040b64.serveo.net expired
[0m[33mPort forwarding for 82e2612c9454316779a8c01a18f48afe.serveo.net expired
[0m[33mPort forwarding for 9d766268d219bb8492cd85d5d52cb638.serveo.net expired
[0m[33mPort forwarding for 10e1b27aaa68f1a9d36f5236ec3602b7.serveo.net expired
[0m[33mPort forwarding for 0a771e505abca55209678073edbf204f.serveo.net expired
[0m[33mPort forwarding for 392a710b0259f160162d401f42de86ca.serveo.net expired
[0m[33mPort forwarding for c8aa3fcba4ee8841e2c16b3e03bb59b1.serveo.net expired
[0m[33mPort forwarding for 3b3631bf255ff9c35f97762a5c8a225f.serveo.net expired
[0m[33mPort forwarding for 4a862a39e016c89f0dae57424250a17f.serveo.net expired
[0m[33mPort forwarding for dfed1cbd05129c21014a89df8b70b19c.serveo.net expired
[0m[33mPort forwarding for ad9b391350426e442dbba1abf1225ed3.serveo.net expired
[0m[33mPort forwarding for 661551c1dda6fb6cd99ab1c41377c3e5.serveo.net expired
[0m[33mPort forwarding for 30cbff19f92fd347b04764539c14bca6.serveo.net expired
[0m[33mPort forwarding for d512d7429c741722d384b8c6c37aac8e.serveo.net expired
[0m[33mPort forwarding for d138d8a6600ed0c244a633014e5a66e3.serveo.net expired
[0m[33mPort forwarding for 3b0d500cc0f5c9cbdcb7364b723e6442.serveo.net expired
[0m[33mPort forwarding for d3fa02bdc80df446e0f4e0ea1826ec4f.serveo.net expired
[0m[33mPort forwarding for 4bc8583395552c5c5b8ed7289836f927.serveo.net expired
[0m[33mPort forwarding for 6287622ced190d8fe53bf2b7a026d732.serveo.net expired
[0m[33mPort forwarding for 86a83dec7486ad13bd304930102a4837.serveo.net expired
[0m[33mPort forwarding for d04f2bec74c65d4ba94fb39876f76475.serveo.net expired
[0m[33mPort forwarding for 041418416a31f219cd05224cae04d11d.serveo.net expired
[0m[33mPort forwarding for 7c79aa141edb4d40cc479b2895910aa6.serveo.net expired
[0m[33mPort forwarding for c0cf9c94d4a03a5b2834c8ba25e338ce.serveo.net expired
[0m[33mPort forwarding for 7f89e9b3534738faa53c8dd881497eff.serveo.net expired
[0m[33mPort forwarding for a68e50873ea97afe9442afa51ea1c956.serveo.net expired
[0m[33mPort forwarding for 63f10ae6eaef9a16b89068cdea8d5ed4.serveo.net expired
[0m[33mPort forwarding for 7943bb01ae67ee9bffc8a661effbfc80.serveo.net expired
[0m[33mPort forwarding for 2a3fc4147b2d3388c63d028786cb7162.serveo.net expired
[0m[33mPort forwarding for 0f5d8b86e246360153faed7ec0aac3c9.serveo.net expired
[0m[33mPort forwarding for 0bfb17e7139f92fc9c9543413c851455.serveo.net expired
[0m[33mPort forwarding for 6c73ffafabc26e8d49aae3a4803669b9.serveo.net expired
[0m[33mPort forwarding for 1d6e2c07a6343611e4290d065b3d7fdd.serveo.net expired
[0m[33mPort forwarding for 59b2d3d3b59fa0b6ca4d46c0ee05eb50.serveo.net expired
[0m[33mPort forwarding for c07c2c2c0732c0699182d4c4de264486.serveo.net expired
[0m[33mPort forwarding for 23caca962b85be7ad2b1b9fd87a2755c.serveo.net expired
[0m[33mPort forwarding for fed95535b19170d48559d0832627d25f.serveo.net expired
[0m[33mPort forwarding for 06ddcc7d6a5c0f86ac2f4d1df415864d.serveo.net expired
[0m[33mPort forwarding for 554dfa31e34f88891ab877b4ac75cf84.serveo.net expired
[0m[33mPort forwarding for c6088bfd643f969ce8073cf8c1f85b2f.serveo.net expired
[0m[33mPort forwarding for d19fb335891a805112e5083ec7c9ce24.serveo.net expired
[0m[33mPort forwarding for ef78f3a4e3b967f1918d4369eefebbab.serveo.net expired
[0m[33mPort forwarding for acae878351a406e8edbb84a72edf18d8.serveo.net expired
[0m[33mPort forwarding for 06de0c244d468cd411570764f4aac22c.serveo.net expired
[0m[33mPort forwarding for 22b08e72d5fad427a6f0d70355b30872.serveo.net expired
[0m[33mPort forwarding for 6cebdbe9a20c8172c1741c5555b55921.serveo.net expired
[0m[33mPort forwarding for 9d7e9be1d58c9dfa75f52d0aa2e277a9.serveo.net expired
[0m[33mPort forwarding for 8bd8b4f184da00f358b246aed7842821.serveo.net expired
[0m[33mPort forwarding for 4f44c1f47fe0d8020ec135429074925f.serveo.net expired
[0m[33mPort forwarding for b7a4174056a9486fadc4a06f5d0da462.serveo.net expired
[0m[33mPort forwarding for 0ba0b2c853bc5749858c7f666ef356b1.serveo.net expired
[0m[33mPort forwarding for f8f273d49100749ff04728856af918b6.serveo.net expired
[0m[33mPort forwarding for a29d295e66380d30e88f03d471587dc6.serveo.net expired
[0m[33mPort forwarding for 157c3c7f8bb87476b05bb20ba519dd70.serveo.net expired
[0m[33mPort forwarding for 2323e5f99af65904e95a38fc811b6b01.serveo.net expired
[0m[33mPort forwarding for b892048241e59a3c160e53b54ea35858.serveo.net expired
[0m[33mPort forwarding for d3efbd76c479d42b02270d0c8329a8fb.serveo.net expired
[0m[33mPort forwarding for d72489fec2c12450bc27f2a5f791a25c.serveo.net expired
[0m[33mPort forwarding for 106f3c9807265cb81e0959fd8a0c3824.serveo.net expired
[0m[33mPort forwarding for af7affc27b9f5cf4109a213163e54d44.serveo.net expired
[0m[33mPort forwarding for cc5c5cf6e97c917616b1d38158f653e0.serveo.net expired
[0m[33mPort forwarding for 851631dfa1da946a513e44bb8272cc7c.serveo.net expired
[0m[33mPort forwarding for 5ab9cde491552ba88d169246aecb3376.serveo.net expired
[0m[33mPort forwarding for dbafb3fc6f0bb2125c8157942cfc228f.serveo.net expired
[0m[33mPort forwarding for a095bd1b8e8779d7f2b015fdb237ccec.serveo.net expired
[0m[33mPort forwarding for 825a955b9199748c188b92660f267194.serveo.net expired
[0m[33mPort forwarding for f9ccf2266c93c8eab20afa105915fc6f.serveo.net expired
[0m[33mPort forwarding for 40cc233354b23f5e6ae772a046987e2e.serveo.net expired
[0m[33mPort forwarding for 41454ed597c7b2bfe95052e8f9c629a9.serveo.net expired
[0m[33mPort forwarding for 77b38829227175f943978e17d67ae816.serveo.net expired
[0m[33mPort forwarding for fbe50d59725eb04231d18bbe12c5a244.serveo.net expired
[0m[33mPort forwarding for 0fc4ab5c2ae0e80c4627271587c401e3.serveo.net expired
[0m[33mPort forwarding for bce04e674bbfa6187f403595941ab5ce.serveo.net expired
[0m[33mPort forwarding for 6712d8cff096f866e7cf55bb3b7f8ebb.serveo.net expired
[0m[33mPort forwarding for 084eb4e4f41b2eb3afa4fca2c6750af2.serveo.net expired
[0m[33mPort forwarding for 67f8d96910f0914f0d5cceeabc77acf2.serveo.net expired
[0m[33mPort forwarding for 5a21ab4f143ca9ac175821ded95794e6.serveo.net expired
[0m[33mPort forwarding for e5a74117f487922ded46ebd461ff694c.serveo.net expired
[0m[33mPort forwarding for 4e2277fa46b7791262fa64fc93987271.serveo.net expired
[0m[33mPort forwarding for 80e8b8d1281afc6c152afd0c22a37c0e.serveo.net expired
[0m[33mPort forwarding for 99c3757bb9b6a14fe7e55e1c7842a79a.serveo.net expired
[0m[33mPort forwarding for 051d34770a725159532b5e4fb3ea03db.serveo.net expired
[0m[33mPort forwarding for 7d13634ac6e47e1c776b7eb798fa86d6.serveo.net expired
[0m[33mPort forwarding for 8fd5c82bef9956e508bb4020709f8afa.serveo.net expired
[0m[33mPort forwarding for e74f56e07bbd4f37ea0a766494a51415.serveo.net expired
[0m[33mPort forwarding for f2545681ed09c28458911afe809d44ae.serveo.net expired
[0m[33mPort forwarding for 922fc594807acdf599a7a4d5a0944059.serveo.net expired
[0m[33mPort forwarding for ffb0be5bb944afc28f78502a5ef71c6b.serveo.net expired
[0m[33mPort forwarding for d00646c952cafb8ad525bf2dc4827a48.serveo.net expired
[0m[33mPort forwarding for b7943028c64da27e979f1cd8609f6452.serveo.net expired
[0m[33mPort forwarding for 1e0d002b138d792dcdf6c38a426c17a5.serveo.net expired
[0m[33mPort forwarding for b656a8e5db1f67aaca3d13f8e09e7ef3.serveo.net expired
[0m[33mPort forwarding for 1146c7c0b79cb0832f5a02a7f04e318c.serveo.net expired
[0m[33mPort forwarding for 27781d20dc69bcd70197197d49c7c5a2.serveo.net expired
[0m[33mPort forwarding for cdbc01dec8d718ca56de5b3572279a28.serveo.net expired
[0m[33mPort forwarding for 1684e6c17b2693a9be69d70b3b1819af.serveo.net expired
[0m[33mPort forwarding for 816c9a55a961b66248d3156b3e16db55.serveo.net expired
[0m[33mPort forwarding for 287dff415e809f73ef067457ee1b3fb5.serveo.net expired
[0m[33mPort forwarding for 1693fda63b455a75c750b0d372998993.serveo.net expired
[0m[33mPort forwarding for 4a9bddc201e7f5c940f29dc7b3c14cc2.serveo.net expired
[0m[33mPort forwarding for 14061cf38bd5059c93b81b74e25fa264.serveo.net expired
[0m[33mPort forwarding for 573de29432400b4fb7a8f97aac4bc89b.serveo.net expired
[0m[33mPort forwarding for adefc8690f541ca59bf2b6222f527fb7.serveo.net expired
[0m[33mPort forwarding for a8f103be1981c9ff0064af06477eb7d0.serveo.net expired
[0m[33mPort forwarding for 9f4465941f50a170a044b53daff03db2.serveo.net expired
[0m[33mPort forwarding for b4c8190df0d2610477315f264e73ee6f.serveo.net expired
[0m[33mPort forwarding for 69a88fc11c01ec64b4d3efcc1174e685.serveo.net expired
[0m[33mPort forwarding for 6cc51a825ce30b0f1b889f0e930291e7.serveo.net expired
[0m[33mPort forwarding for 861251ba4aae512faaac210802a249a2.serveo.net expired
[0m[33mPort forwarding for 4165e35d537d37a0bb6d964e9e2ea94e.serveo.net expired
[0m[33mPort forwarding for 569f6774c19da0f79945371d1d4d8009.serveo.net expired
[0m[33mPort forwarding for 0898349b809f448b2ebd92a389246a28.serveo.net expired
[0m[33mPort forwarding for c80e4794757ea208caec52cf74c2ecb0.serveo.net expired
[0m[33mPort forwarding for 249539ea0e87b73ab22c4c185c2e8079.serveo.net expired
[0m[33mPort forwarding for e57ad4ea1a201f50c828ebe9365c57b5.serveo.net expired
[0m[33mPort forwarding for a7e0f306dc14fba02631252ad6496946.serveo.net expired
[0m[33mPort forwarding for ec7afaa1b59ead3fad4daa3d21b03ce3.serveo.net expired
[0m[33mPort forwarding for ad47ebcd26aae113d718f68f0622818d.serveo.net expired
[0m[33mPort forwarding for 98149ff6d7221bf41d9db34a171c7407.serveo.net expired
[0m[33mPort forwarding for 47b703d52c06b4791b25156c34a5a35e.serveo.net expired
[0m[33mPort forwarding for 8b2b5ac6a6b247823dd8e055133dc9a8.serveo.net expired
[0m[33mPort forwarding for 02ac50a7aa904341d7102d11ff55a65c.serveo.net expired
[0m[33mPort forwarding for 44825cce42d37ac56e0978ba28dc07fb.serveo.net expired
[0m[33mPort forwarding for 0ed0f5518b19e0f92c6de8932da0d292.serveo.net expired
[0m[33mPort forwarding for ff86049bceaf0144574f95456f125a5f.serveo.net expired
[0m[33mPort forwarding for 68e750fdcf4b4a20b2a09dd09bf77c42.serveo.net expired
[0m[33mPort forwarding for 521e12932caf5bf2d74f41d514fd1721.serveo.net expired
[0m[33mPort forwarding for a459b11c36cae5522593d861f8b7cb4f.serveo.net expired
[0m[33mPort forwarding for 1a086a37671c9a0b4a7f88b1efe570d5.serveo.net expired
[0m[33mPort forwarding for 20de56c3f1844820c53ee177850f2339.serveo.net expired
[0m[33mPort forwarding for e9b8234895d28f780d6b65e61ef5b5e5.serveo.net expired
[0m[33mPort forwarding for ac635102a7334462ed35ae98065bf540.serveo.net expired
[0m[33mPort forwarding for d0335a47c8210292adafdaf85d1befbd.serveo.net expired
[0m[33mPort forwarding for 1e1151b45b40057f067c23d60eb28cc8.serveo.net expired
[0m[33mPort forwarding for 11507a7243200c4a88e03c5a3792e79c.serveo.net expired
[0m[33mPort forwarding for bb29f3c4c5fab8de6702630bae816799.serveo.net expired
[0m[33mPort forwarding for 0a25c478152e2dd65dc0424dd087a9f0.serveo.net expired
[0m[33mPort forwarding for 9825d60065be0a58393b2e3a38cbb1a0.serveo.net expired
[0m[33mPort forwarding for 7222d148a40eb0102d53de1e368fe217.serveo.net expired
[0m[33mPort forwarding for 96f011aa6b7780592fe57f4ff0930749.serveo.net expired
[0m[33mPort forwarding for 1a52bdd42236b5004c95cd303a7e0f1a.serveo.net expired
[0m[33mPort forwarding for 509a88d1988f3bb4a2b55731167c58ba.serveo.net expired
[0m[33mPort forwarding for 915258d65b4ad021cc574a4d8c6ca084.serveo.net expired
[0m[33mPort forwarding for 0490d7de01dc70e7ab5c0c7a3818abde.serveo.net expired
[0m[33mPort forwarding for 01cc9f9c95144254842b3be0ac63851e.serveo.net expired
[0m[33mPort forwarding for f091132d7fbb3f7945b18b69ef0d5885.serveo.net expired
[0m[33mPort forwarding for 4097b3a70808d42c04988b4b461ced82.serveo.net expired
[0m[33mPort forwarding for 106ef537e677ac4c2c2bf31e3bc97c4f.serveo.net expired
[0m[33mPort forwarding for 8a3c15b1cfbfddce0e5c4c4852cebf43.serveo.net expired
[0m[33mPort forwarding for 477824e9e428343bf5246cd5cdad6a95.serveo.net expired
[0m[33mPort forwarding for 517e99644c82fb416853709e4d29b646.serveo.net expired
[0m[33mPort forwarding for 9a7fa5e2244ce707320891295b4e5ddf.serveo.net expired
[0m[33mPort forwarding for c0d82f7e580a2805ed804fe4cfc00485.serveo.net expired
[0m[33mPort forwarding for 5f8b64c63663d166e36ae23629f6cf4e.serveo.net expired
[0m[33mPort forwarding for f725ff705b9724d431455c554467fb52.serveo.net expired
[0m[33mPort forwarding for 3842661b90e4bc12c40709eb894292e9.serveo.net expired
[0m[33mPort forwarding for 942bb0447e02ed4eb74ff7330b8120d6.serveo.net expired
[0m[33mPort forwarding for 9c027a9a032b070f503883fbf823c3d3.serveo.net expired
[0m[33mPort forwarding for ba8efc7993e3aed61af5c643bb1c5bf1.serveo.net expired
[0m[33mPort forwarding for ae2de7341b1476d8d2c262ada6346b28.serveo.net expired
[0m[33mPort forwarding for da8be888d40e1883a1cd66c80fea213b.serveo.net expired
[0m[33mPort forwarding for 5cd84493130ef63d84cff39bf6edf110.serveo.net expired
[0m[33mPort forwarding for f7cd4dafdf1429e83dfcbd05e2156c32.serveo.net expired
[0m[33mPort forwarding for 60fc23f27bdec5e2bdbc21bda2dba12b.serveo.net expired
[0m[33mPort forwarding for 75debf8636bea3aaea1fc93412e649e7.serveo.net expired
[0m[33mPort forwarding for c89bc22588784066c020461bf4479bdf.serveo.net expired
[0m[33mPort forwarding for ad5b9b03cd895862ee531eb3bf05f042.serveo.net expired
[0m[33mPort forwarding for 55c71624820c02328c40c8bc820bae49.serveo.net expired
[0m[33mPort forwarding for b7ee2166f37a055d4173ff0e24a69da9.serveo.net expired
[0m[33mPort forwarding for c709fa702b12ba3eebb8d5ce73957a12.serveo.net expired
[0m[33mPort forwarding for 08111f651488081c50942bf7421d40e0.serveo.net expired
[0m[33mPort forwarding for c2a85f2453e824d659df404c530999e0.serveo.net expired
[0m[33mPort forwarding for a596c3d6e46b73c922d4c0e3c18de1e7.serveo.net expired
[0m[33mPort forwarding for 0b8f2c8a9d17d93c522f7b1b3b32d93b.serveo.net expired
[0m[33mPort forwarding for a94c7597e2ba8cbab6d9fc578bbca920.serveo.net expired
[0m[33mPort forwarding for 4b5be0bce910e6ea46b44d3d36961dbe.serveo.net expired
[0m[33mPort forwarding for dc3bcf6e0fde88f007636c0b41940352.serveo.net expired
[0m[33mPort forwarding for e9e24451b1401ef34a28e276c8712b6a.serveo.net expired
[0m[33mPort forwarding for a227fca8fe9d850656f94a672dc36487.serveo.net expired
[0m[33mPort forwarding for e38e842e8bc52e0cce1e09afe68513ab.serveo.net expired
[0m[33mPort forwarding for 39a00bda01e09fe4fe5d7b17d00d04cf.serveo.net expired
[0m[33mPort forwarding for a9718e8249c363ac2e02be52d833966b.serveo.net expired
[0m[33mPort forwarding for 9303a6781a6bd68d6efdfb936190db47.serveo.net expired
[0m[33mPort forwarding for ae6b08c18c3f6ad8a702ddea8e7b3bd9.serveo.net expired
[0m[33mPort forwarding for d63fc4fd09622df1ce02abd91db88a95.serveo.net expired
[0m[33mPort forwarding for 1ef51719839891bf3b26dcbf65d9e0ca.serveo.net expired
[0m[33mPort forwarding for 43814f4d3ba8dd9c4c339d3a71a2bb16.serveo.net expired
[0m[33mPort forwarding for e081ae068de59bb2ce52880b6d25eb45.serveo.net expired
[0m[33mPort forwarding for 97a952c75a38c320c2f036d8b7cefc63.serveo.net expired
[0m[33mPort forwarding for a13606b3016417026e4466086c43e795.serveo.net expired
[0m[33mPort forwarding for c534f5435bd36c9a0e53e4780fc2b9e3.serveo.net expired
[0m[33mPort forwarding for 5763ee7071b010bbc62dab92b80b6555.serveo.net expired
[0m[33mPort forwarding for f75ebc8eab29d7c73afb10bdf7b2853d.serveo.net expired
[0m[33mPort forwarding for 598c697a91729e32a03304bf18ecfdf1.serveo.net expired
[0m[33mPort forwarding for baa6a5558721258b2b0d26a4db516427.serveo.net expired
[0m[33mPort forwarding for 09a3ce97150acf162950452a4db63412.serveo.net expired
[0m[33mPort forwarding for 36bc59c363b33fe25feb6a9f0ede8a12.serveo.net expired
[0m[33mPort forwarding for 727b9fb6c521c375c0dad2f0d5ebddce.serveo.net expired
[0m[33mPort forwarding for cb2588ebc46d3c1682587b3004c7a926.serveo.net expired
[0m[33mPort forwarding for 74e77e3d1648fb8a86c7ce373dbd1a28.serveo.net expired
[0m[33mPort forwarding for 156e8304dcefaac57ccbad9d45c76311.serveo.net expired
[0m[33mPort forwarding for 0755dc277c6f9f96714ba9687be1c7f8.serveo.net expired
[0m[33mPort forwarding for 7027f008563cd741544aae122d64581c.serveo.net expired
[0m[33mPort forwarding for 8186e58dd817bced4ffc216e21502e27.serveo.net expired
[0m[33mPort forwarding for a4b2901a8bdacf0a353178153ce36b92.serveo.net expired
[0m[33mPort forwarding for 83766447450cbca882a61fd2438f4c5a.serveo.net expired
[0m[33mPort forwarding for cef1c99ca8fce4e599467b616c958324.serveo.net expired
[0m[33mPort forwarding for 63786c2311bd2cc58df4af89b3fc0ec2.serveo.net expired
[0m[33mPort forwarding for 634529563620cc7c29684816ad0185eb.serveo.net expired
[0m[33mPort forwarding for a7c4603ddd0336e42445f3912392ec67.serveo.net expired
[0m[33mPort forwarding for b5de87eaf1bcdd80c7fe0d2f825d1336.serveo.net expired
[0m[33mPort forwarding for 0f5aae2372f4b9c00545ba9b997c2d30.serveo.net expired
[0mHTTP request from 186.189.90.97 to https://0f5aae2372f4b9c00545ba9b997c2d30.serveo.net/api/webhooks/send-message
HTTP request from 186.189.90.97 to https://0f5aae2372f4b9c00545ba9b997c2d30.serveo.net/api/webhooks/send-message
Pseudo-terminal will not be allocated because stdin is not a terminal.
[32mForwarding HTTP traffic from https://601a6543e901617ef42b052662013634.serveo.net
[0mPseudo-terminal will not be allocated because stdin is not a terminal.
[32mForwarding HTTP traffic from https://1933c9cbd7f7e9b5728e9a193456ba39.serveo.net
[0mPseudo-terminal will not be allocated because stdin is not a terminal.
[32mForwarding HTTP traffic from https://1110507138d3f17b9c508b70cfbc5a18.serveo.net
[0mPseudo-terminal will not be allocated because stdin is not a terminal.
[32mForwarding HTTP traffic from https://9848bbcca26a0f546f7d97720c5e88d7.serveo.net
[0mConnection to serveo.net closed by remote host.
Connection to serveo.net closed by remote host.
Connection to serveo.net closed by remote host.
Connection to serveo.net closed by remote host.
Connection to serveo.net closed by remote host.
Connection to serveo.net closed by remote host.
Connection to serveo.net closed by remote host.
Connection to serveo.net closed by remote host.
Connection to serveo.net closed by remote host.
Connection to serveo.net closed by remote host.
Connection to serveo.net closed by remote host.
Connection to serveo.net closed by remote host.
Connection to serveo.net closed by remote host.
Connection to serveo.net closed by remote host.
Connection to serveo.net closed by remote host.
Connection to serveo.net closed by remote host.
Connection to serveo.net closed by remote host.
Connection to serveo.net closed by remote host.
Connection to serveo.net closed by remote host.
Connection to serveo.net closed by remote host.
Connection to serveo.net closed by remote host.
Connection to serveo.net closed by remote host.
Connection to serveo.net closed by remote host.
Connection to serveo.net closed by remote host.
Connection to serveo.net closed by remote host.
Connection to serveo.net closed by remote host.
Connection to serveo.net closed by remote host.
Connection to serveo.net closed by remote host.
Connection to serveo.net closed by remote host.
Connection to serveo.net closed by remote host.
Connection to serveo.net closed by remote host.
Connection to serveo.net closed by remote host.
Connection to serveo.net closed by remote host.
Connection to serveo.net closed by remote host.
Connection to serveo.net closed by remote host.
Connection to serveo.net closed by remote host.
Connection to serveo.net closed by remote host.
Connection to serveo.net closed by remote host.
Connection to serveo.net closed by remote host.
Connection to serveo.net closed by remote host.
Connection to serveo.net closed by remote host.
Connection to serveo.net closed by remote host.
Connection to serveo.net closed by remote host.
Connection to serveo.net closed by remote host.
Connection to serveo.net closed by remote host.
Connection to serveo.net closed by remote host.
Connection to serveo.net closed by remote host.
Connection to serveo.net closed by remote host.
Connection to serveo.net closed by remote host.
Connection to serveo.net closed by remote host.
Connection to serveo.net closed by remote host.
Connection to serveo.net closed by remote host.
Connection to serveo.net closed by remote host.
Connection to serveo.net closed by remote host.
Connection to serveo.net closed by remote host.
Connection to serveo.net closed by remote host.
Connection to serveo.net closed by remote host.
Connection to serveo.net closed by remote host.
Connection to serveo.net closed by remote host.
Connection to serveo.net closed by remote host.
Connection to serveo.net closed by remote host.
Connection to serveo.net closed by remote host.
Connection to serveo.net closed by remote host.
Connection to serveo.net closed by remote host.
Connection to serveo.net closed by remote host.
Connection to serveo.net closed by remote host.
Connection to serveo.net closed by remote host.
Connection to serveo.net closed by remote host.
Connection to serveo.net closed by remote host.
Connection to serveo.net closed by remote host.
Connection to serveo.net closed by remote host.
Connection to serveo.net closed by remote host.
Connection to serveo.net closed by remote host.
Connection to serveo.net closed by remote host.
Connection to serveo.net closed by remote host.
Connection to serveo.net closed by remote host.
Connection to serveo.net closed by remote host.
Connection to serveo.net closed by remote host.
Connection to serveo.net closed by remote host.
Connection to serveo.net closed by remote host.
Connection to serveo.net closed by remote host.
Connection to serveo.net closed by remote host.
Connection to serveo.net closed by remote host.
Connection to serveo.net closed by remote host.
Connection to serveo.net closed by remote host.
Connection to serveo.net closed by remote host.
Connection to serveo.net closed by remote host.
Connection to serveo.net closed by remote host.
Connection to serveo.net closed by remote host.
Connection to serveo.net closed by remote host.
Connection to serveo.net closed by remote host.
Connection to serveo.net closed by remote host.
Connection to serveo.net closed by remote host.
Connection to serveo.net closed by remote host.
Connection to serveo.net closed by remote host.
Connection to serveo.net closed by remote host.
Connection to serveo.net closed by remote host.
Connection to serveo.net closed by remote host.
Connection to serveo.net closed by remote host.
Connection to serveo.net closed by remote host.
Connection to serveo.net closed by remote host.
Connection to serveo.net closed by remote host.
Connection to serveo.net closed by remote host.
Connection to serveo.net closed by remote host.
Connection to serveo.net closed by remote host.
Connection to serveo.net closed by remote host.
Connection to serveo.net closed by remote host.
Connection to serveo.net closed by remote host.
Connection to serveo.net closed by remote host.
Connection to serveo.net closed by remote host.
Connection to serveo.net closed by remote host.
Connection to serveo.net closed by remote host.
Connection to serveo.net closed by remote host.
Connection to serveo.net closed by remote host.
Connection to serveo.net closed by remote host.
Connection to serveo.net closed by remote host.
Connection to serveo.net closed by remote host.
Connection to serveo.net closed by remote host.
Connection to serveo.net closed by remote host.
Connection to serveo.net closed by remote host.
Connection to serveo.net closed by remote host.
Connection to serveo.net closed by remote host.
Connection to serveo.net closed by remote host.
Connection to serveo.net closed by remote host.
Connection to serveo.net closed by remote host.
Connection to serveo.net closed by remote host.
Connection to serveo.net closed by remote host.
Connection to serveo.net closed by remote host.
Connection to serveo.net closed by remote host.
Connection to serveo.net closed by remote host.
Connection to serveo.net closed by remote host.
Connection to serveo.net closed by remote host.
Connection to serveo.net closed by remote host.
Connection to serveo.net closed by remote host.
Connection to serveo.net closed by remote host.
Connection to serveo.net closed by remote host.
Connection to serveo.net closed by remote host.
Connection to serveo.net closed by remote host.
Connection to serveo.net closed by remote host.
Connection to serveo.net closed by remote host.
Connection to serveo.net closed by remote host.
Connection to serveo.net closed by remote host.
Connection to serveo.net closed by remote host.
Connection to serveo.net closed by remote host.
Connection to serveo.net closed by remote host.
Connection to serveo.net closed by remote host.
Connection to serveo.net closed by remote host.
Connection to serveo.net closed by remote host.
Connection to serveo.net closed by remote host.
Connection to serveo.net closed by remote host.
Connection to serveo.net closed by remote host.
Connection to serveo.net closed by remote host.
Connection to serveo.net closed by remote host.
Connection to serveo.net closed by remote host.
Connection to serveo.net closed by remote host.
Connection to serveo.net closed by remote host.
Connection to serveo.net closed by remote host.
Connection to serveo.net closed by remote host.
Connection to serveo.net closed by remote host.
Connection to serveo.net closed by remote host.
Connection to serveo.net closed by remote host.
Connection to serveo.net closed by remote host.
Connection to serveo.net closed by remote host.
Connection to serveo.net closed by remote host.
Connection to serveo.net closed by remote host.
Connection to serveo.net closed by remote host.
Connection to serveo.net closed by remote host.
Connection to serveo.net closed by remote host.
Connection to serveo.net closed by remote host.
Connection to serveo.net closed by remote host.
Connection to serveo.net closed by remote host.
Connection to serveo.net closed by remote host.
Connection to serveo.net closed by remote host.
Connection to serveo.net closed by remote host.
Connection to serveo.net closed by remote host.
Connection to serveo.net closed by remote host.
Connection to serveo.net closed by remote host.
Connection to serveo.net closed by remote host.
Connection to serveo.net closed by remote host.
Connection to serveo.net closed by remote host.
Connection to serveo.net closed by remote host.
Connection to serveo.net closed by remote host.
Connection to serveo.net closed by remote host.
Connection to serveo.net closed by remote host.
Connection to serveo.net closed by remote host.
Connection to serveo.net closed by remote host.
client_loop: send disconnect: Broken pipe
client_loop: send disconnect: Broken pipe
Connection to serveo.net closed by remote host.
client_loop: send disconnect: Broken pipe
Connection to serveo.net closed by remote host.
Connection to serveo.net closed by remote host.
Connection to serveo.net closed by remote host.
Connection to serveo.net closed by remote host.
Connection to serveo.net closed by remote host.
client_loop: send disconnect: Broken pipe
client_loop: send disconnect: Broken pipe
Connection to serveo.net closed by remote host.
Connection to serveo.net closed by remote host.
Connection to serveo.net closed by remote host.
Connection to serveo.net closed by remote host.
Connection to serveo.net closed by remote host.
client_loop: send disconnect: Broken pipe
client_loop: send disconnect: Broken pipe
Connection to serveo.net closed by remote host.
client_loop: send disconnect: Broken pipe
client_loop: send disconnect: Broken pipe
Connection to serveo.net closed by remote host.
Connection to serveo.net closed by remote host.
client_loop: send disconnect: Broken pipe
Connection to serveo.net closed by remote host.
client_loop: send disconnect: Broken pipe
Connection to serveo.net closed by remote host.
client_loop: send disconnect: Broken pipe
Pseudo-terminal will not be allocated because stdin is not a terminal.
[32mForwarding HTTP traffic from https://4857969353c292dd6d1233f652dea3cf.serveo.net
[0mPseudo-terminal will not be allocated because stdin is not a terminal.
[32mForwarding HTTP traffic from https://e311125e423fd7ee2180523806cb7ded.serveo.net
[0mPseudo-terminal will not be allocated because stdin is not a terminal.
[32mForwarding HTTP traffic from https://93922a5753c05157a626915f52122143.serveo.net
[0mPseudo-terminal will not be allocated because stdin is not a terminal.
[32mForwarding HTTP traffic from https://cd02bd81a1452ec829f8fb856b9d2f46.serveo.net
[0mPseudo-terminal will not be allocated because stdin is not a terminal.
[32mForwarding HTTP traffic from https://fc2e9168514ca51b2f6d205fd7bc5c5d.serveo.net
[0mPseudo-terminal will not be allocated because stdin is not a terminal.
[32mForwarding HTTP traffic from https://e9618b9a259bde45b840c2dce914c3d5.serveo.net
[0mPseudo-terminal will not be allocated because stdin is not a terminal.
[32mForwarding HTTP traffic from https://4b59b259b37e182d683078b5a06a1dbb.serveo.net
[0mPseudo-terminal will not be allocated because stdin is not a terminal.
[32mForwarding HTTP traffic from https://c9ac3e4c9bc794f72a0fa8c260cfc8be.serveo.net
[0mPseudo-terminal will not be allocated because stdin is not a terminal.
[32mForwarding HTTP traffic from https://1d52b5883d8ad981778988d37abe7187.serveo.net
[0mPseudo-terminal will not be allocated because stdin is not a terminal.
[32mForwarding HTTP traffic from https://e16711a6a75598d188a526595e00bad4.serveo.net
[0m[33mPort forwarding for e16711a6a75598d188a526595e00bad4.serveo.net expired
[0mclient_loop: send disconnect: Broken pipe
Pseudo-terminal will not be allocated because stdin is not a terminal.
[32mForwarding HTTP traffic from https://f4df037c4268fbdd3f41df39ca5e7f80.serveo.net
[0m[33mPort forwarding for f4df037c4268fbdd3f41df39ca5e7f80.serveo.net expired
[0mclient_loop: send disconnect: Broken pipe
Pseudo-terminal will not be allocated because stdin is not a terminal.
[32mForwarding HTTP traffic from https://bd433f56fe66dcae63966ab43de43761.serveo.net
[0mPseudo-terminal will not be allocated because stdin is not a terminal.
ssh: connect to host serveo.net port 22: Connection refused
Pseudo-terminal will not be allocated because stdin is not a terminal.
ssh: connect to host serveo.net port 22: Connection refused
Pseudo-terminal will not be allocated because stdin is not a terminal.
ssh: connect to host serveo.net port 22: Connection refused
Pseudo-terminal will not be allocated because stdin is not a terminal.
ssh: connect to host serveo.net port 22: Connection refused
